<?xml version="1.0" encoding="UTF-8"?>
<!-- Generated by org.testng.reporters.JUnitReportReporter -->
<testsuite skipped="0" hostname="LAPTOP-CGL38Q6K" name="excercisepkg.TestCase2" tests="1" failures="0" timestamp="20 Dec 2021 18:06:50 GMT" time="0.021" errors="0">
  <testcase name="beforeTest" time="0.021" classname="excercisepkg.TestCase2"/>
</testsuite> <!-- excercisepkg.TestCase2 -->
