<?xml version="1.0" encoding="UTF-8"?>
<!-- Generated by org.testng.reporters.JUnitReportReporter -->
<testsuite skipped="0" hostname="LAPTOP-CGL38Q6K" name="excercisepkg.TestCase1" tests="1" failures="0" timestamp="20 Dec 2021 22:19:40 GMT" time="0.020" errors="0">
  <testcase name="hello" time="0.020" classname="excercisepkg.TestCase1"/>
</testsuite> <!-- excercisepkg.TestCase1 -->
