<?xml version="1.0" encoding="UTF-8"?>
<!-- Generated by org.testng.reporters.JUnitReportReporter -->
<testsuite skipped="0" hostname="LAPTOP-CGL38Q6K" name="excercisepkg.Excercise1" tests="1" failures="0" timestamp="13 Nov 2021 02:04:48 GMT" time="0.009" errors="0">
  <testcase name="hello" time="0.009" classname="excercisepkg.Excercise1"/>
</testsuite> <!-- excercisepkg.Excercise1 -->
