<?xml version="1.0" encoding="UTF-8"?>
<!-- Generated by org.testng.reporters.JUnitReportReporter -->
<testsuite hostname="LAPTOP-CGL38Q6K" failures="0" tests="1" name="excercisepkg.TestCase2" time="0.000" errors="0" timestamp="20 Dec 2021 23:45:34 GMT" skipped="0">
  <testcase classname="excercisepkg.TestCase2" name="beforeTest" time="0.000"/>
</testsuite> <!-- excercisepkg.TestCase2 -->
