<?xml version="1.0" encoding="UTF-8"?>
<!-- Generated by org.testng.reporters.JUnitReportReporter -->
<testsuite hostname="LAPTOP-CGL38Q6K" failures="0" tests="1" name="excercisepkg.TestCase1" time="0.009" errors="0" timestamp="20 Dec 2021 23:45:34 GMT" skipped="0">
  <testcase classname="excercisepkg.TestCase1" name="hello" time="0.009"/>
</testsuite> <!-- excercisepkg.TestCase1 -->
